build/app/intermediates/manifest_merge_blame_file/debug/manifest-merger-blame-debug-report.txt
1<?xml version="1.0" encoding="utf-8"?>
2<manifest xmlns:android="http://schemas.android.com/apk/res/android"
3    package="cl.ecoheroes.userapp"
4    android:versionCode="11"
5    android:versionName="1.4.0" >
6
7    <uses-sdk
8        android:minSdkVersion="23"
9        android:targetSdkVersion="28" />
10    <!--
11         Flutter needs it to communicate with the running application
12         to allow setting breakpoints, to provide hot reload, etc.
13    -->
14    <uses-permission android:name="android.permission.INTERNET" />
14-->src/main/AndroidManifest.xml:8:5-66
14-->src/main/AndroidManifest.xml:8:22-64
15    <uses-permission android:name="android.permission.READ_EXTERNAL_STORAGE" />
15-->[:image_picker] AndroidManifest.xml:7:5-80
15-->[:image_picker] AndroidManifest.xml:7:22-77
16    <uses-permission android:name="android.permission.WRITE_EXTERNAL_STORAGE" />
16-->[:image_picker] AndroidManifest.xml:8:5-81
16-->[:image_picker] AndroidManifest.xml:8:22-78
17    <uses-permission android:name="android.permission.ACCESS_NETWORK_STATE" />
17-->[com.google.android.gms:play-services-measurement-api:17.4.1] AndroidManifest.xml:23:5-79
17-->[com.google.android.gms:play-services-measurement-api:17.4.1] AndroidManifest.xml:23:22-76
18    <uses-permission android:name="android.permission.WAKE_LOCK" /> <!-- Required by older versions of Google Play services to create IID tokens -->
18-->[com.google.android.gms:play-services-measurement-api:17.4.1] AndroidManifest.xml:24:5-68
18-->[com.google.android.gms:play-services-measurement-api:17.4.1] AndroidManifest.xml:24:22-65
19    <uses-permission android:name="com.google.android.c2dm.permission.RECEIVE" />
19-->[com.google.firebase:firebase-iid:20.2.3] AndroidManifest.xml:26:5-82
19-->[com.google.firebase:firebase-iid:20.2.3] AndroidManifest.xml:26:22-79
20    <uses-permission android:name="com.google.android.finsky.permission.BIND_GET_INSTALL_REFERRER_SERVICE" />
20-->[com.google.android.gms:play-services-measurement:17.4.1] AndroidManifest.xml:26:5-110
20-->[com.google.android.gms:play-services-measurement:17.4.1] AndroidManifest.xml:26:22-107
21
22    <application
22-->src/main/AndroidManifest.xml:9:5-71:19
23        android:name="cl.ecoheroes.userapp.Application"
23-->src/main/AndroidManifest.xml:10:9-36
24        android:appComponentFactory="androidx.core.app.CoreComponentFactory"
24-->[androidx.core:core:1.1.0] AndroidManifest.xml:24:18-86
25        android:debuggable="true"
26        android:icon="@mipmap/ic_launcher"
26-->src/main/AndroidManifest.xml:12:9-43
27        android:label="EcoHeroes"
27-->src/main/AndroidManifest.xml:11:9-34
28        android:supportsRtl="true" >
28-->[com.facebook.android:facebook-login:5.15.3] AndroidManifest.xml:28:18-44
29        <meta-data
29-->src/main/AndroidManifest.xml:14:9-16:52
30            android:name="com.google.firebase.messaging.default_notification_color"
30-->src/main/AndroidManifest.xml:15:11-82
31            android:resource="@color/colorPrimary" />
31-->src/main/AndroidManifest.xml:16:11-49
32        <meta-data
32-->src/main/AndroidManifest.xml:17:9-19:66
33            android:name="com.google.firebase.messaging.default_notification_icon"
33-->src/main/AndroidManifest.xml:18:11-81
34            android:resource="@drawable/ic_stat_logos_ecoheroes" />
34-->src/main/AndroidManifest.xml:19:11-63
35
36        <activity
36-->src/main/AndroidManifest.xml:20:9-51:20
37            android:name="cl.ecoheroes.userapp.MainActivity"
37-->src/main/AndroidManifest.xml:21:13-41
38            android:configChanges="orientation|keyboardHidden|keyboard|screenSize|smallestScreenSize|locale|layoutDirection|fontScale|screenLayout|density|uiMode"
38-->src/main/AndroidManifest.xml:24:13-163
39            android:hardwareAccelerated="true"
39-->src/main/AndroidManifest.xml:25:13-47
40            android:launchMode="singleTop"
40-->src/main/AndroidManifest.xml:22:13-43
41            android:theme="@style/LaunchTheme"
41-->src/main/AndroidManifest.xml:23:13-47
42            android:windowSoftInputMode="adjustResize" >
42-->src/main/AndroidManifest.xml:26:13-55
43
44            <!--
45                 Specifies an Android theme to apply to this Activity as soon as
46                 the Android process has started. This theme is visible to the user
47                 while the Flutter UI initializes. After that, this theme continues
48                 to determine the Window background behind the Flutter UI.
49            -->
50            <meta-data
50-->src/main/AndroidManifest.xml:31:13-34:17
51                android:name="io.flutter.embedding.android.NormalTheme"
51-->src/main/AndroidManifest.xml:32:15-70
52                android:resource="@style/NormalTheme" />
52-->src/main/AndroidManifest.xml:33:15-52
53            <!--
54                 Displays an Android View that continues showing the launch screen
55                 Drawable until Flutter paints its first frame, then this splash
56                 screen fades out. A splash screen is useful to avoid any visual
57                 gap between the end of Android's launch screen and the painting of
58                 Flutter's first frame.
59            -->
60            <meta-data
60-->src/main/AndroidManifest.xml:40:13-42:63
61                android:name="io.flutter.embedding.android.SplashScreenDrawable"
61-->src/main/AndroidManifest.xml:41:15-79
62                android:resource="@drawable/launch_background" />
62-->src/main/AndroidManifest.xml:42:15-61
63
64            <intent-filter>
64-->src/main/AndroidManifest.xml:43:13-46:29
65                <action android:name="android.intent.action.MAIN" />
65-->src/main/AndroidManifest.xml:44:17-68
65-->src/main/AndroidManifest.xml:44:25-66
66
67                <category android:name="android.intent.category.LAUNCHER" />
67-->src/main/AndroidManifest.xml:45:17-76
67-->src/main/AndroidManifest.xml:45:27-74
68            </intent-filter>
69            <intent-filter>
69-->src/main/AndroidManifest.xml:47:13-50:29
70                <action android:name="FLUTTER_NOTIFICATION_CLICK" />
70-->src/main/AndroidManifest.xml:48:17-69
70-->src/main/AndroidManifest.xml:48:25-66
71
72                <category android:name="android.intent.category.DEFAULT" />
72-->src/main/AndroidManifest.xml:49:17-76
72-->src/main/AndroidManifest.xml:49:27-73
73            </intent-filter>
74        </activity>
75        <!--
76             Don't delete the meta-data below.
77             This is used by the Flutter tool to generate GeneratedPluginRegistrant.java
78        -->
79        <meta-data
79-->src/main/AndroidManifest.xml:54:9-56:33
80            android:name="flutterEmbedding"
80-->src/main/AndroidManifest.xml:55:13-44
81            android:value="2" />
81-->src/main/AndroidManifest.xml:56:13-30
82        <meta-data
82-->src/main/AndroidManifest.xml:58:9-107
83            android:name="com.facebook.sdk.ApplicationId"
83-->src/main/AndroidManifest.xml:58:20-65
84            android:value="@string/facebook_app_id" />
84-->src/main/AndroidManifest.xml:58:66-105
85
86        <activity
86-->src/main/AndroidManifest.xml:59:9-62:48
87            android:name="com.facebook.FacebookActivity"
87-->src/main/AndroidManifest.xml:60:13-57
88            android:configChanges="keyboard|keyboardHidden|screenLayout|screenSize|orientation"
88-->src/main/AndroidManifest.xml:61:13-97
89            android:label="@string/app_name"
89-->src/main/AndroidManifest.xml:62:13-45
90            android:theme="@style/com_facebook_activity_theme" />
90-->[com.facebook.android:facebook-common:5.15.3] AndroidManifest.xml:33:13-63
91        <activity
91-->src/main/AndroidManifest.xml:63:9-70:20
92            android:name="com.facebook.CustomTabActivity"
92-->src/main/AndroidManifest.xml:63:19-64
93            android:exported="true" >
93-->src/main/AndroidManifest.xml:63:65-88
94            <intent-filter>
94-->src/main/AndroidManifest.xml:64:11-69:27
95                <action android:name="android.intent.action.VIEW" />
95-->src/main/AndroidManifest.xml:65:13-65
95-->src/main/AndroidManifest.xml:65:21-62
96
97                <category android:name="android.intent.category.DEFAULT" />
97-->src/main/AndroidManifest.xml:49:17-76
97-->src/main/AndroidManifest.xml:49:27-73
98                <category android:name="android.intent.category.BROWSABLE" />
98-->src/main/AndroidManifest.xml:67:13-74
98-->src/main/AndroidManifest.xml:67:23-71
99
100                <data android:scheme="@string/fb_login_protocol_scheme" />
100-->src/main/AndroidManifest.xml:68:13-71
100-->src/main/AndroidManifest.xml:68:19-68
101            </intent-filter>
102            <intent-filter>
102-->[com.facebook.android:facebook-common:5.15.3] AndroidManifest.xml:39:13-48:29
103                <action android:name="android.intent.action.VIEW" />
103-->src/main/AndroidManifest.xml:65:13-65
103-->src/main/AndroidManifest.xml:65:21-62
104
105                <category android:name="android.intent.category.DEFAULT" />
105-->src/main/AndroidManifest.xml:49:17-76
105-->src/main/AndroidManifest.xml:49:27-73
106                <category android:name="android.intent.category.BROWSABLE" />
106-->src/main/AndroidManifest.xml:67:13-74
106-->src/main/AndroidManifest.xml:67:23-71
107
108                <data
108-->src/main/AndroidManifest.xml:68:13-71
109                    android:host="cct.cl.ecoheroes.userapp"
110                    android:scheme="fbconnect" />
110-->src/main/AndroidManifest.xml:68:19-68
111            </intent-filter>
112        </activity>
113
114        <service
114-->[:firebase_storage] AndroidManifest.xml:8:9-12:19
115            android:name="com.google.firebase.components.ComponentDiscoveryService"
115-->[:firebase_storage] AndroidManifest.xml:8:18-89
116            android:directBootAware="true"
116-->[com.google.firebase:firebase-common:19.3.0] AndroidManifest.xml:34:13-43
117            android:exported="false" >
117-->[com.google.firebase:firebase-messaging:20.2.4] AndroidManifest.xml:38:13-37
118            <meta-data
118-->[:firebase_storage] AndroidManifest.xml:9:13-11:85
119                android:name="com.google.firebase.components:io.flutter.plugins.firebase.storage.FlutterFirebaseAppRegistrar"
119-->[:firebase_storage] AndroidManifest.xml:10:17-126
120                android:value="com.google.firebase.components.ComponentRegistrar" />
120-->[:firebase_storage] AndroidManifest.xml:11:17-82
121            <meta-data
121-->[:firebase_messaging] AndroidManifest.xml:14:13-16:85
122                android:name="com.google.firebase.components:io.flutter.plugins.firebasemessaging.FlutterFirebaseAppRegistrar"
122-->[:firebase_messaging] AndroidManifest.xml:15:17-127
123                android:value="com.google.firebase.components.ComponentRegistrar" />
123-->[:firebase_messaging] AndroidManifest.xml:16:17-82
124            <meta-data
124-->[:cloud_firestore] AndroidManifest.xml:9:13-11:85
125                android:name="com.google.firebase.components:io.flutter.plugins.firebase.firestore.FlutterFirebaseFirestoreRegistrar"
125-->[:cloud_firestore] AndroidManifest.xml:10:17-134
126                android:value="com.google.firebase.components.ComponentRegistrar" />
126-->[:cloud_firestore] AndroidManifest.xml:11:17-82
127            <meta-data
127-->[:firebase_auth] AndroidManifest.xml:9:13-11:85
128                android:name="com.google.firebase.components:io.flutter.plugins.firebase.auth.FlutterFirebaseAuthRegistrar"
128-->[:firebase_auth] AndroidManifest.xml:10:17-124
129                android:value="com.google.firebase.components.ComponentRegistrar" />
129-->[:firebase_auth] AndroidManifest.xml:11:17-82
130            <meta-data
130-->[:firebase_core] AndroidManifest.xml:9:13-11:85
131                android:name="com.google.firebase.components:io.flutter.plugins.firebase.core.FlutterFirebaseCoreRegistrar"
131-->[:firebase_core] AndroidManifest.xml:10:17-124
132                android:value="com.google.firebase.components.ComponentRegistrar" />
132-->[:firebase_core] AndroidManifest.xml:11:17-82
133            <meta-data
133-->[com.google.firebase:firebase-messaging:20.2.4] AndroidManifest.xml:39:13-41:85
134                android:name="com.google.firebase.components:com.google.firebase.messaging.FirebaseMessagingRegistrar"
134-->[com.google.firebase:firebase-messaging:20.2.4] AndroidManifest.xml:40:17-119
135                android:value="com.google.firebase.components.ComponentRegistrar" />
135-->[com.google.firebase:firebase-messaging:20.2.4] AndroidManifest.xml:41:17-82
136            <meta-data
136-->[com.google.android.gms:play-services-measurement-api:17.4.1] AndroidManifest.xml:30:13-32:85
137                android:name="com.google.firebase.components:com.google.firebase.analytics.connector.internal.AnalyticsConnectorRegistrar"
137-->[com.google.android.gms:play-services-measurement-api:17.4.1] AndroidManifest.xml:31:17-139
138                android:value="com.google.firebase.components.ComponentRegistrar" />
138-->[com.google.android.gms:play-services-measurement-api:17.4.1] AndroidManifest.xml:32:17-82
139            <meta-data
139-->[com.google.firebase:firebase-iid:20.2.3] AndroidManifest.xml:32:13-34:85
140                android:name="com.google.firebase.components:com.google.firebase.iid.Registrar"
140-->[com.google.firebase:firebase-iid:20.2.3] AndroidManifest.xml:33:17-96
141                android:value="com.google.firebase.components.ComponentRegistrar" />
141-->[com.google.firebase:firebase-iid:20.2.3] AndroidManifest.xml:34:17-82
142            <meta-data
142-->[com.google.firebase:firebase-datatransport:17.0.3] AndroidManifest.xml:28:13-30:85
143                android:name="com.google.firebase.components:com.google.firebase.datatransport.TransportRegistrar"
143-->[com.google.firebase:firebase-datatransport:17.0.3] AndroidManifest.xml:29:17-115
144                android:value="com.google.firebase.components.ComponentRegistrar" />
144-->[com.google.firebase:firebase-datatransport:17.0.3] AndroidManifest.xml:30:17-82
145            <meta-data
145-->[com.google.firebase:firebase-installations:16.3.3] AndroidManifest.xml:17:13-19:85
146                android:name="com.google.firebase.components:com.google.firebase.installations.FirebaseInstallationsRegistrar"
146-->[com.google.firebase:firebase-installations:16.3.3] AndroidManifest.xml:18:17-127
147                android:value="com.google.firebase.components.ComponentRegistrar" />
147-->[com.google.firebase:firebase-installations:16.3.3] AndroidManifest.xml:19:17-82
148            <meta-data
148-->[com.google.firebase:firebase-auth:19.3.1] AndroidManifest.xml:36:13-38:85
149                android:name="com.google.firebase.components:com.google.firebase.auth.FirebaseAuthRegistrar"
149-->[com.google.firebase:firebase-auth:19.3.1] AndroidManifest.xml:37:17-109
150                android:value="com.google.firebase.components.ComponentRegistrar" />
150-->[com.google.firebase:firebase-auth:19.3.1] AndroidManifest.xml:38:17-82
151            <meta-data
151-->[com.google.firebase:firebase-storage:19.1.1] AndroidManifest.xml:33:13-35:85
152                android:name="com.google.firebase.components:com.google.firebase.storage.StorageRegistrar"
152-->[com.google.firebase:firebase-storage:19.1.1] AndroidManifest.xml:34:17-107
153                android:value="com.google.firebase.components.ComponentRegistrar" />
153-->[com.google.firebase:firebase-storage:19.1.1] AndroidManifest.xml:35:17-82
154            <meta-data
154-->[com.google.firebase:firebase-firestore:21.4.3] AndroidManifest.xml:20:13-22:85
155                android:name="com.google.firebase.components:com.google.firebase.firestore.FirestoreRegistrar"
155-->[com.google.firebase:firebase-firestore:21.4.3] AndroidManifest.xml:21:17-111
156                android:value="com.google.firebase.components.ComponentRegistrar" />
156-->[com.google.firebase:firebase-firestore:21.4.3] AndroidManifest.xml:22:17-82
157        </service>
158
159        <provider
159-->[:image_picker] AndroidManifest.xml:11:9-19:20
160            android:name="io.flutter.plugins.imagepicker.ImagePickerFileProvider"
160-->[:image_picker] AndroidManifest.xml:12:13-82
161            android:authorities="cl.ecoheroes.userapp.flutter.image_provider"
161-->[:image_picker] AndroidManifest.xml:13:13-74
162            android:exported="false"
162-->[:image_picker] AndroidManifest.xml:14:13-37
163            android:grantUriPermissions="true" >
163-->[:image_picker] AndroidManifest.xml:15:13-47
164            <meta-data
164-->[:image_picker] AndroidManifest.xml:16:13-18:75
165                android:name="android.support.FILE_PROVIDER_PATHS"
165-->[:image_picker] AndroidManifest.xml:17:17-67
166                android:resource="@xml/flutter_image_picker_file_paths" />
166-->[:image_picker] AndroidManifest.xml:18:17-72
167        </provider>
168
169        <service android:name="io.flutter.plugins.firebasemessaging.FlutterFirebaseMessagingService" >
169-->[:firebase_messaging] AndroidManifest.xml:8:9-12:19
169-->[:firebase_messaging] AndroidManifest.xml:8:18-101
170            <intent-filter>
170-->[:firebase_messaging] AndroidManifest.xml:9:13-11:29
171                <action android:name="com.google.firebase.MESSAGING_EVENT" />
171-->[:firebase_messaging] AndroidManifest.xml:10:17-78
171-->[:firebase_messaging] AndroidManifest.xml:10:25-75
172            </intent-filter>
173        </service>
174
175        <activity
175-->[:url_launcher] AndroidManifest.xml:8:9-11:74
176            android:name="io.flutter.plugins.urllauncher.WebViewActivity"
176-->[:url_launcher] AndroidManifest.xml:9:13-74
177            android:exported="false"
177-->[:url_launcher] AndroidManifest.xml:10:13-37
178            android:theme="@android:style/Theme.NoTitleBar.Fullscreen" />
178-->[:url_launcher] AndroidManifest.xml:11:13-71
179        <activity android:name="com.facebook.CustomTabMainActivity" />
179-->[com.facebook.android:facebook-common:5.15.3] AndroidManifest.xml:34:9-71
179-->[com.facebook.android:facebook-common:5.15.3] AndroidManifest.xml:34:19-68
180        <!--
181             FirebaseMessagingService performs security checks at runtime,
182             but set to not exported to explicitly avoid allowing another app to call it.
183        -->
184        <service
184-->[com.google.firebase:firebase-messaging:20.2.4] AndroidManifest.xml:28:9-35:19
185            android:name="com.google.firebase.messaging.FirebaseMessagingService"
185-->[com.google.firebase:firebase-messaging:20.2.4] AndroidManifest.xml:29:13-82
186            android:directBootAware="true"
186-->[com.google.firebase:firebase-messaging:20.2.4] AndroidManifest.xml:30:13-43
187            android:exported="false" >
187-->[com.google.firebase:firebase-messaging:20.2.4] AndroidManifest.xml:31:13-37
188            <intent-filter android:priority="-500" >
188-->[:firebase_messaging] AndroidManifest.xml:9:13-11:29
189                <action android:name="com.google.firebase.MESSAGING_EVENT" />
189-->[:firebase_messaging] AndroidManifest.xml:10:17-78
189-->[:firebase_messaging] AndroidManifest.xml:10:25-75
190            </intent-filter>
191        </service>
192
193        <receiver
193-->[com.google.firebase:firebase-iid:20.2.3] AndroidManifest.xml:37:9-44:20
194            android:name="com.google.firebase.iid.FirebaseInstanceIdReceiver"
194-->[com.google.firebase:firebase-iid:20.2.3] AndroidManifest.xml:38:13-78
195            android:exported="true"
195-->[com.google.firebase:firebase-iid:20.2.3] AndroidManifest.xml:39:13-36
196            android:permission="com.google.android.c2dm.permission.SEND" >
196-->[com.google.firebase:firebase-iid:20.2.3] AndroidManifest.xml:40:13-73
197            <intent-filter>
197-->[com.google.firebase:firebase-iid:20.2.3] AndroidManifest.xml:41:13-43:29
198                <action android:name="com.google.android.c2dm.intent.RECEIVE" />
198-->[com.google.firebase:firebase-iid:20.2.3] AndroidManifest.xml:42:17-81
198-->[com.google.firebase:firebase-iid:20.2.3] AndroidManifest.xml:42:25-78
199            </intent-filter>
200        </receiver>
201        <receiver
201-->[com.google.android.gms:play-services-measurement:17.4.1] AndroidManifest.xml:29:9-33:20
202            android:name="com.google.android.gms.measurement.AppMeasurementReceiver"
202-->[com.google.android.gms:play-services-measurement:17.4.1] AndroidManifest.xml:30:13-85
203            android:enabled="true"
203-->[com.google.android.gms:play-services-measurement:17.4.1] AndroidManifest.xml:31:13-35
204            android:exported="false" >
204-->[com.google.android.gms:play-services-measurement:17.4.1] AndroidManifest.xml:32:13-37
205        </receiver>
206
207        <service
207-->[com.google.android.gms:play-services-measurement:17.4.1] AndroidManifest.xml:35:9-38:40
208            android:name="com.google.android.gms.measurement.AppMeasurementService"
208-->[com.google.android.gms:play-services-measurement:17.4.1] AndroidManifest.xml:36:13-84
209            android:enabled="true"
209-->[com.google.android.gms:play-services-measurement:17.4.1] AndroidManifest.xml:37:13-35
210            android:exported="false" />
210-->[com.google.android.gms:play-services-measurement:17.4.1] AndroidManifest.xml:38:13-37
211        <service
211-->[com.google.android.gms:play-services-measurement:17.4.1] AndroidManifest.xml:39:9-43:72
212            android:name="com.google.android.gms.measurement.AppMeasurementJobService"
212-->[com.google.android.gms:play-services-measurement:17.4.1] AndroidManifest.xml:40:13-87
213            android:enabled="true"
213-->[com.google.android.gms:play-services-measurement:17.4.1] AndroidManifest.xml:41:13-35
214            android:exported="false"
214-->[com.google.android.gms:play-services-measurement:17.4.1] AndroidManifest.xml:42:13-37
215            android:permission="android.permission.BIND_JOB_SERVICE" />
215-->[com.google.android.gms:play-services-measurement:17.4.1] AndroidManifest.xml:43:13-69
216
217        <activity
217-->[com.google.firebase:firebase-auth:19.3.1] AndroidManifest.xml:24:9-31:50
218            android:name="com.google.firebase.auth.internal.FederatedSignInActivity"
218-->[com.google.firebase:firebase-auth:19.3.1] AndroidManifest.xml:25:13-85
219            android:excludeFromRecents="true"
219-->[com.google.firebase:firebase-auth:19.3.1] AndroidManifest.xml:26:13-46
220            android:exported="true"
220-->[com.google.firebase:firebase-auth:19.3.1] AndroidManifest.xml:27:13-36
221            android:launchMode="singleTask"
221-->[com.google.firebase:firebase-auth:19.3.1] AndroidManifest.xml:28:13-44
222            android:permission="com.google.firebase.auth.api.gms.permission.LAUNCH_FEDERATED_SIGN_IN"
222-->[com.google.firebase:firebase-auth:19.3.1] AndroidManifest.xml:29:13-102
223            android:theme="@android:style/Theme.Translucent.NoTitleBar" />
223-->[com.google.firebase:firebase-auth:19.3.1] AndroidManifest.xml:30:13-72
224
225        <provider
225-->[com.google.firebase:firebase-common:19.3.0] AndroidManifest.xml:26:9-30:39
226            android:name="com.google.firebase.provider.FirebaseInitProvider"
226-->[com.google.firebase:firebase-common:19.3.0] AndroidManifest.xml:27:13-77
227            android:authorities="cl.ecoheroes.userapp.firebaseinitprovider"
227-->[com.google.firebase:firebase-common:19.3.0] AndroidManifest.xml:28:13-72
228            android:exported="false"
228-->[com.google.firebase:firebase-common:19.3.0] AndroidManifest.xml:29:13-37
229            android:initOrder="100" />
229-->[com.google.firebase:firebase-common:19.3.0] AndroidManifest.xml:30:13-36
230
231        <activity
231-->[com.google.android.gms:play-services-auth:16.0.1] AndroidManifest.xml:23:9-27:75
232            android:name="com.google.android.gms.auth.api.signin.internal.SignInHubActivity"
232-->[com.google.android.gms:play-services-auth:16.0.1] AndroidManifest.xml:24:13-93
233            android:excludeFromRecents="true"
233-->[com.google.android.gms:play-services-auth:16.0.1] AndroidManifest.xml:25:13-46
234            android:exported="false"
234-->[com.google.android.gms:play-services-auth:16.0.1] AndroidManifest.xml:26:13-37
235            android:theme="@android:style/Theme.Translucent.NoTitleBar" />
235-->[com.google.android.gms:play-services-auth:16.0.1] AndroidManifest.xml:27:13-72
236        <!--
237            Service handling Google Sign-In user revocation. For apps that do not integrate with
238            Google Sign-In, this service will never be started.
239        -->
240        <service
240-->[com.google.android.gms:play-services-auth:16.0.1] AndroidManifest.xml:33:9-36:110
241            android:name="com.google.android.gms.auth.api.signin.RevocationBoundService"
241-->[com.google.android.gms:play-services-auth:16.0.1] AndroidManifest.xml:34:13-89
242            android:exported="true"
242-->[com.google.android.gms:play-services-auth:16.0.1] AndroidManifest.xml:35:13-36
243            android:permission="com.google.android.gms.auth.api.signin.permission.REVOCATION_NOTIFICATION" />
243-->[com.google.android.gms:play-services-auth:16.0.1] AndroidManifest.xml:36:13-107
244
245        <activity
245-->[com.google.android.gms:play-services-base:17.1.0] AndroidManifest.xml:23:9-26:75
246            android:name="com.google.android.gms.common.api.GoogleApiActivity"
246-->[com.google.android.gms:play-services-base:17.1.0] AndroidManifest.xml:24:13-79
247            android:exported="false"
247-->[com.google.android.gms:play-services-base:17.1.0] AndroidManifest.xml:25:13-37
248            android:theme="@android:style/Theme.Translucent.NoTitleBar" />
248-->[com.google.android.gms:play-services-base:17.1.0] AndroidManifest.xml:26:13-72
249
250        <meta-data
250-->[com.google.android.gms:play-services-basement:17.0.0] AndroidManifest.xml:23:9-25:69
251            android:name="com.google.android.gms.version"
251-->[com.google.android.gms:play-services-basement:17.0.0] AndroidManifest.xml:24:13-58
252            android:value="@integer/google_play_services_version" />
252-->[com.google.android.gms:play-services-basement:17.0.0] AndroidManifest.xml:25:13-66
253        <!--
254         The initialization ContentProvider will call FacebookSdk.sdkInitialize automatically
255         with the application context. This config is merged in with the host app's manifest,
256         but there can only be one provider with the same authority activated at any given
257         point; so if the end user has two or more different apps that use Facebook SDK, only the
258         first one will be able to use the provider. To work around this problem, we use the
259         following placeholder in the authority to identify each host application as if it was
260         a completely different provider.
261        -->
262        <provider
262-->[com.facebook.android:facebook-core:5.15.3] AndroidManifest.xml:39:9-42:40
263            android:name="com.facebook.internal.FacebookInitProvider"
263-->[com.facebook.android:facebook-core:5.15.3] AndroidManifest.xml:40:13-70
264            android:authorities="cl.ecoheroes.userapp.FacebookInitProvider"
264-->[com.facebook.android:facebook-core:5.15.3] AndroidManifest.xml:41:13-72
265            android:exported="false" />
265-->[com.facebook.android:facebook-core:5.15.3] AndroidManifest.xml:42:13-37
266
267        <receiver
267-->[com.facebook.android:facebook-core:5.15.3] AndroidManifest.xml:44:9-50:20
268            android:name="com.facebook.CurrentAccessTokenExpirationBroadcastReceiver"
268-->[com.facebook.android:facebook-core:5.15.3] AndroidManifest.xml:45:13-86
269            android:exported="false" >
269-->[com.facebook.android:facebook-core:5.15.3] AndroidManifest.xml:46:13-37
270            <intent-filter>
270-->[com.facebook.android:facebook-core:5.15.3] AndroidManifest.xml:47:13-49:29
271                <action android:name="com.facebook.sdk.ACTION_CURRENT_ACCESS_TOKEN_CHANGED" />
271-->[com.facebook.android:facebook-core:5.15.3] AndroidManifest.xml:48:17-95
271-->[com.facebook.android:facebook-core:5.15.3] AndroidManifest.xml:48:25-92
272            </intent-filter>
273        </receiver>
274
275        <service
275-->[com.google.android.datatransport:transport-backend-cct:2.2.0] AndroidManifest.xml:29:9-35:19
276            android:name="com.google.android.datatransport.runtime.backends.TransportBackendDiscovery"
276-->[com.google.android.datatransport:transport-backend-cct:2.2.0] AndroidManifest.xml:30:13-103
277            android:exported="false" >
277-->[com.google.android.datatransport:transport-backend-cct:2.2.0] AndroidManifest.xml:31:13-37
278            <meta-data
278-->[com.google.android.datatransport:transport-backend-cct:2.2.0] AndroidManifest.xml:32:13-34:39
279                android:name="backend:com.google.android.datatransport.cct.CctBackendFactory"
279-->[com.google.android.datatransport:transport-backend-cct:2.2.0] AndroidManifest.xml:33:17-94
280                android:value="cct" />
280-->[com.google.android.datatransport:transport-backend-cct:2.2.0] AndroidManifest.xml:34:17-36
281        </service>
282        <service
282-->[com.google.android.datatransport:transport-runtime:2.2.0] AndroidManifest.xml:26:9-30:19
283            android:name="com.google.android.datatransport.runtime.scheduling.jobscheduling.JobInfoSchedulerService"
283-->[com.google.android.datatransport:transport-runtime:2.2.0] AndroidManifest.xml:27:13-117
284            android:exported="false"
284-->[com.google.android.datatransport:transport-runtime:2.2.0] AndroidManifest.xml:28:13-37
285            android:permission="android.permission.BIND_JOB_SERVICE" >
285-->[com.google.android.datatransport:transport-runtime:2.2.0] AndroidManifest.xml:29:13-69
286        </service>
287
288        <receiver
288-->[com.google.android.datatransport:transport-runtime:2.2.0] AndroidManifest.xml:32:9-34:40